<?xml version="1.0" encoding="UTF-8"?>
<testsuites tests="1" failures="0" disabled="0" errors="0" time="0." timestamp="2025-10-25T22:43:02.908" name="AllTests">
  <testsuite name="EdgeCasesTest" tests="1" failures="0" disabled="0" skipped="0" errors="0" time="0." timestamp="2025-10-25T22:43:02.908">
    <testcase name="EmptyArray" file="/home/karin/figures_project.cpp/tests/test_figures.cpp" line="218" status="run" result="completed" time="0." timestamp="2025-10-25T22:43:02.908" classname="EdgeCasesTest" />
  </testsuite>
</testsuites>
